
2024/11/14 (18:14:50) | ===> btop++ v.1.4.0
2024/11/14 (18:14:50) | WARNING: Intel GPU: Failed to initialize PMU

2024/11/14 (21:05:07) | ===> btop++ v.1.4.0
2024/11/14 (21:05:07) | WARNING: Intel GPU: Failed to initialize PMU

2024/11/14 (23:37:10) | ===> btop++ v.1.4.0
2024/11/14 (23:37:10) | WARNING: Intel GPU: Failed to initialize PMU

2024/11/14 (23:44:12) | ===> btop++ v.1.4.0
2024/11/14 (23:44:12) | WARNING: Intel GPU: Failed to initialize PMU

2024/11/15 (08:39:23) | ===> btop++ v.1.4.0
2024/11/15 (08:39:23) | WARNING: Intel GPU: Failed to initialize PMU

2024/11/15 (09:10:44) | ===> btop++ v.1.4.0
2024/11/15 (09:10:44) | WARNING: Intel GPU: Failed to initialize PMU

2024/11/15 (21:58:51) | ===> btop++ v.1.4.0
2024/11/15 (21:58:51) | WARNING: Intel GPU: Failed to initialize PMU

2024/11/15 (22:01:05) | ===> btop++ v.1.4.0
2024/11/15 (22:01:05) | WARNING: Intel GPU: Failed to initialize PMU

2024/11/15 (22:01:28) | ===> btop++ v.1.4.0
2024/11/15 (22:01:28) | WARNING: Intel GPU: Failed to initialize PMU

2024/11/16 (07:45:16) | ===> btop++ v.1.4.0
2024/11/16 (07:45:16) | WARNING: Intel GPU: Failed to initialize PMU

2024/11/16 (09:28:36) | ===> btop++ v.1.4.0
2024/11/16 (09:28:36) | WARNING: Intel GPU: Failed to initialize PMU

2024/11/16 (12:42:19) | ===> btop++ v.1.4.0
2024/11/16 (12:42:19) | WARNING: Intel GPU: Failed to initialize PMU

2024/11/16 (18:51:21) | ===> btop++ v.1.4.0
2024/11/16 (18:51:21) | WARNING: Intel GPU: Failed to initialize PMU

2024/11/16 (18:52:06) | ===> btop++ v.1.4.0
2024/11/16 (18:52:06) | WARNING: Intel GPU: Failed to initialize PMU

2024/11/16 (19:22:14) | ===> btop++ v.1.4.0
2024/11/16 (19:22:14) | WARNING: Intel GPU: Failed to initialize PMU

2024/11/16 (21:23:15) | ===> btop++ v.1.4.0
2024/11/16 (21:23:15) | WARNING: Intel GPU: Failed to initialize PMU

2024/11/16 (21:53:16) | ===> btop++ v.1.4.0
2024/11/16 (21:53:16) | WARNING: Intel GPU: Failed to initialize PMU

2024/11/17 (11:56:33) | ===> btop++ v.1.4.0
2024/11/17 (11:56:33) | WARNING: Intel GPU: Failed to initialize PMU
2024/11/17 (13:44:38) | ERROR: Couldn't determine terminal size of "STDOUT_FILENO"!
2024/11/17 (13:44:38) | ERROR: Couldn't determine terminal size of "/dev/tty"!
2024/11/17 (13:44:40) | ERROR: Couldn't determine terminal size of "STDOUT_FILENO"!
2024/11/17 (13:44:40) | ERROR: Couldn't determine terminal size of "/dev/tty"!
2024/11/17 (13:44:42) | ERROR: Couldn't determine terminal size of "STDOUT_FILENO"!
2024/11/17 (13:44:42) | ERROR: Couldn't determine terminal size of "/dev/tty"!
2024/11/17 (13:44:44) | ERROR: Couldn't determine terminal size of "STDOUT_FILENO"!
2024/11/17 (13:44:44) | ERROR: Couldn't determine terminal size of "/dev/tty"!
2024/11/17 (13:44:46) | ERROR: Couldn't determine terminal size of "STDOUT_FILENO"!
2024/11/17 (13:44:46) | ERROR: Couldn't determine terminal size of "/dev/tty"!
2024/11/17 (13:44:48) | ERROR: Couldn't determine terminal size of "STDOUT_FILENO"!
2024/11/17 (13:44:48) | ERROR: Couldn't determine terminal size of "/dev/tty"!
2024/11/17 (13:44:50) | ERROR: Couldn't determine terminal size of "STDOUT_FILENO"!
2024/11/17 (13:44:50) | ERROR: Couldn't determine terminal size of "/dev/tty"!
2024/11/17 (13:44:52) | ERROR: Couldn't determine terminal size of "STDOUT_FILENO"!
2024/11/17 (13:44:52) | ERROR: Couldn't determine terminal size of "/dev/tty"!
2024/11/17 (13:44:54) | ERROR: Couldn't determine terminal size of "STDOUT_FILENO"!
2024/11/17 (13:44:54) | ERROR: Couldn't determine terminal size of "/dev/tty"!
2024/11/17 (13:44:56) | ERROR: Couldn't determine terminal size of "STDOUT_FILENO"!
2024/11/17 (13:44:56) | ERROR: Couldn't determine terminal size of "/dev/tty"!
2024/11/17 (13:44:58) | ERROR: Couldn't determine terminal size of "STDOUT_FILENO"!
2024/11/17 (13:44:58) | ERROR: Couldn't determine terminal size of "/dev/tty"!
2024/11/17 (13:45:00) | ERROR: Couldn't determine terminal size of "STDOUT_FILENO"!
2024/11/17 (13:45:00) | ERROR: Couldn't determine terminal size of "/dev/tty"!
2024/11/17 (13:45:02) | ERROR: Couldn't determine terminal size of "STDOUT_FILENO"!
2024/11/17 (13:45:02) | ERROR: Couldn't determine terminal size of "/dev/tty"!
2024/11/17 (13:45:04) | ERROR: Couldn't determine terminal size of "STDOUT_FILENO"!
2024/11/17 (13:45:04) | ERROR: Couldn't determine terminal size of "/dev/tty"!
2024/11/17 (13:45:06) | ERROR: Couldn't determine terminal size of "STDOUT_FILENO"!
2024/11/17 (13:45:06) | ERROR: Couldn't determine terminal size of "/dev/tty"!
2024/11/17 (13:45:08) | ERROR: Couldn't determine terminal size of "STDOUT_FILENO"!
2024/11/17 (13:45:08) | ERROR: Couldn't determine terminal size of "/dev/tty"!
2024/11/17 (13:45:10) | ERROR: Couldn't determine terminal size of "STDOUT_FILENO"!
2024/11/17 (13:45:10) | ERROR: Couldn't determine terminal size of "/dev/tty"!
2024/11/17 (13:45:12) | ERROR: Couldn't determine terminal size of "STDOUT_FILENO"!
2024/11/17 (13:45:12) | ERROR: Couldn't determine terminal size of "/dev/tty"!
2024/11/17 (13:45:14) | ERROR: Couldn't determine terminal size of "STDOUT_FILENO"!
2024/11/17 (13:45:14) | ERROR: Couldn't determine terminal size of "/dev/tty"!
2024/11/17 (13:45:16) | ERROR: Couldn't determine terminal size of "STDOUT_FILENO"!
2024/11/17 (13:45:16) | ERROR: Couldn't determine terminal size of "/dev/tty"!
2024/11/17 (13:45:18) | ERROR: Couldn't determine terminal size of "STDOUT_FILENO"!
2024/11/17 (13:45:18) | ERROR: Couldn't determine terminal size of "/dev/tty"!
2024/11/17 (13:45:20) | ERROR: Couldn't determine terminal size of "STDOUT_FILENO"!
2024/11/17 (13:45:20) | ERROR: Couldn't determine terminal size of "/dev/tty"!
2024/11/17 (13:45:22) | ERROR: Couldn't determine terminal size of "STDOUT_FILENO"!
2024/11/17 (13:45:22) | ERROR: Couldn't determine terminal size of "/dev/tty"!
2024/11/17 (13:45:24) | ERROR: Couldn't determine terminal size of "STDOUT_FILENO"!
2024/11/17 (13:45:24) | ERROR: Couldn't determine terminal size of "/dev/tty"!
2024/11/17 (13:45:26) | ERROR: Couldn't determine terminal size of "STDOUT_FILENO"!
2024/11/17 (13:45:26) | ERROR: Couldn't determine terminal size of "/dev/tty"!
2024/11/17 (13:45:28) | ERROR: Couldn't determine terminal size of "STDOUT_FILENO"!
2024/11/17 (13:45:28) | ERROR: Couldn't determine terminal size of "/dev/tty"!
2024/11/17 (13:45:30) | ERROR: Couldn't determine terminal size of "STDOUT_FILENO"!
2024/11/17 (13:45:30) | ERROR: Couldn't determine terminal size of "/dev/tty"!
2024/11/17 (13:45:32) | ERROR: Couldn't determine terminal size of "STDOUT_FILENO"!
2024/11/17 (13:45:32) | ERROR: Couldn't determine terminal size of "/dev/tty"!
2024/11/17 (13:45:34) | ERROR: Couldn't determine terminal size of "STDOUT_FILENO"!
2024/11/17 (13:45:34) | ERROR: Couldn't determine terminal size of "/dev/tty"!
2024/11/17 (13:45:36) | ERROR: Couldn't determine terminal size of "STDOUT_FILENO"!
2024/11/17 (13:45:36) | ERROR: Couldn't determine terminal size of "/dev/tty"!
2024/11/17 (13:45:38) | ERROR: Couldn't determine terminal size of "STDOUT_FILENO"!
2024/11/17 (13:45:38) | ERROR: Couldn't determine terminal size of "/dev/tty"!
2024/11/17 (13:45:40) | ERROR: Couldn't determine terminal size of "STDOUT_FILENO"!
2024/11/17 (13:45:40) | ERROR: Couldn't determine terminal size of "/dev/tty"!
2024/11/17 (13:45:42) | ERROR: Couldn't determine terminal size of "STDOUT_FILENO"!
2024/11/17 (13:45:42) | ERROR: Couldn't determine terminal size of "/dev/tty"!
2024/11/17 (13:45:44) | ERROR: Couldn't determine terminal size of "STDOUT_FILENO"!
2024/11/17 (13:45:44) | ERROR: Couldn't determine terminal size of "/dev/tty"!
2024/11/17 (13:45:46) | ERROR: Couldn't determine terminal size of "STDOUT_FILENO"!
2024/11/17 (13:45:46) | ERROR: Couldn't determine terminal size of "/dev/tty"!
2024/11/17 (13:45:48) | ERROR: Couldn't determine terminal size of "STDOUT_FILENO"!
2024/11/17 (13:45:48) | ERROR: Couldn't determine terminal size of "/dev/tty"!
2024/11/17 (13:45:50) | ERROR: Couldn't determine terminal size of "STDOUT_FILENO"!
2024/11/17 (13:45:50) | ERROR: Couldn't determine terminal size of "/dev/tty"!
2024/11/17 (13:45:52) | ERROR: Couldn't determine terminal size of "STDOUT_FILENO"!
2024/11/17 (13:45:52) | ERROR: Couldn't determine terminal size of "/dev/tty"!
2024/11/17 (13:45:54) | ERROR: Couldn't determine terminal size of "STDOUT_FILENO"!
2024/11/17 (13:45:54) | ERROR: Couldn't determine terminal size of "/dev/tty"!
2024/11/17 (13:45:56) | ERROR: Couldn't determine terminal size of "STDOUT_FILENO"!
2024/11/17 (13:45:56) | ERROR: Couldn't determine terminal size of "/dev/tty"!
2024/11/17 (13:45:58) | ERROR: Couldn't determine terminal size of "STDOUT_FILENO"!
2024/11/17 (13:45:58) | ERROR: Couldn't determine terminal size of "/dev/tty"!
2024/11/17 (13:46:00) | ERROR: Couldn't determine terminal size of "STDOUT_FILENO"!
2024/11/17 (13:46:00) | ERROR: Couldn't determine terminal size of "/dev/tty"!
2024/11/17 (13:46:02) | ERROR: Couldn't determine terminal size of "STDOUT_FILENO"!
2024/11/17 (13:46:02) | ERROR: Couldn't determine terminal size of "/dev/tty"!
2024/11/17 (13:46:04) | ERROR: Couldn't determine terminal size of "STDOUT_FILENO"!
2024/11/17 (13:46:04) | ERROR: Couldn't determine terminal size of "/dev/tty"!
2024/11/17 (13:46:06) | ERROR: Couldn't determine terminal size of "STDOUT_FILENO"!
2024/11/17 (13:46:06) | ERROR: Couldn't determine terminal size of "/dev/tty"!
2024/11/17 (13:46:08) | ERROR: Couldn't determine terminal size of "STDOUT_FILENO"!
2024/11/17 (13:46:08) | ERROR: Couldn't determine terminal size of "/dev/tty"!
2024/11/17 (13:46:10) | ERROR: Couldn't determine terminal size of "STDOUT_FILENO"!
2024/11/17 (13:46:10) | ERROR: Couldn't determine terminal size of "/dev/tty"!
2024/11/17 (13:46:12) | ERROR: Couldn't determine terminal size of "STDOUT_FILENO"!
2024/11/17 (13:46:12) | ERROR: Couldn't determine terminal size of "/dev/tty"!
2024/11/17 (13:46:14) | ERROR: Couldn't determine terminal size of "STDOUT_FILENO"!
2024/11/17 (13:46:14) | ERROR: Couldn't determine terminal size of "/dev/tty"!
2024/11/17 (13:46:16) | ERROR: Couldn't determine terminal size of "STDOUT_FILENO"!
2024/11/17 (13:46:16) | ERROR: Couldn't determine terminal size of "/dev/tty"!
2024/11/17 (13:46:18) | ERROR: Couldn't determine terminal size of "STDOUT_FILENO"!
2024/11/17 (13:46:18) | ERROR: Couldn't determine terminal size of "/dev/tty"!
2024/11/17 (13:46:20) | ERROR: Couldn't determine terminal size of "STDOUT_FILENO"!
2024/11/17 (13:46:20) | ERROR: Couldn't determine terminal size of "/dev/tty"!
2024/11/17 (13:46:22) | ERROR: Couldn't determine terminal size of "STDOUT_FILENO"!
2024/11/17 (13:46:22) | ERROR: Couldn't determine terminal size of "/dev/tty"!
2024/11/17 (13:46:24) | ERROR: Couldn't determine terminal size of "STDOUT_FILENO"!
2024/11/17 (13:46:24) | ERROR: Couldn't determine terminal size of "/dev/tty"!
2024/11/17 (13:46:26) | ERROR: Couldn't determine terminal size of "STDOUT_FILENO"!
2024/11/17 (13:46:26) | ERROR: Couldn't determine terminal size of "/dev/tty"!
2024/11/17 (13:46:28) | ERROR: Couldn't determine terminal size of "STDOUT_FILENO"!
2024/11/17 (13:46:28) | ERROR: Couldn't determine terminal size of "/dev/tty"!
2024/11/17 (13:46:30) | ERROR: Couldn't determine terminal size of "STDOUT_FILENO"!
2024/11/17 (13:46:30) | ERROR: Couldn't determine terminal size of "/dev/tty"!
2024/11/17 (13:46:32) | ERROR: Couldn't determine terminal size of "STDOUT_FILENO"!
2024/11/17 (13:46:32) | ERROR: Couldn't determine terminal size of "/dev/tty"!
2024/11/17 (13:46:34) | ERROR: Couldn't determine terminal size of "STDOUT_FILENO"!
2024/11/17 (13:46:34) | ERROR: Couldn't determine terminal size of "/dev/tty"!
2024/11/17 (13:46:36) | ERROR: Couldn't determine terminal size of "STDOUT_FILENO"!
2024/11/17 (13:46:36) | ERROR: Couldn't determine terminal size of "/dev/tty"!
2024/11/17 (13:46:38) | ERROR: Couldn't determine terminal size of "STDOUT_FILENO"!
2024/11/17 (13:46:38) | ERROR: Couldn't determine terminal size of "/dev/tty"!
2024/11/17 (13:46:40) | ERROR: Couldn't determine terminal size of "STDOUT_FILENO"!
2024/11/17 (13:46:40) | ERROR: Couldn't determine terminal size of "/dev/tty"!
2024/11/17 (13:46:42) | ERROR: Couldn't determine terminal size of "STDOUT_FILENO"!
2024/11/17 (13:46:42) | ERROR: Couldn't determine terminal size of "/dev/tty"!
2024/11/17 (13:46:44) | ERROR: Couldn't determine terminal size of "STDOUT_FILENO"!
2024/11/17 (13:46:44) | ERROR: Couldn't determine terminal size of "/dev/tty"!
2024/11/17 (13:46:46) | ERROR: Couldn't determine terminal size of "STDOUT_FILENO"!
2024/11/17 (13:46:46) | ERROR: Couldn't determine terminal size of "/dev/tty"!
2024/11/17 (13:46:48) | ERROR: Couldn't determine terminal size of "STDOUT_FILENO"!
2024/11/17 (13:46:48) | ERROR: Couldn't determine terminal size of "/dev/tty"!
2024/11/17 (13:46:50) | ERROR: Couldn't determine terminal size of "STDOUT_FILENO"!
2024/11/17 (13:46:50) | ERROR: Couldn't determine terminal size of "/dev/tty"!
2024/11/17 (13:46:52) | ERROR: Couldn't determine terminal size of "STDOUT_FILENO"!
2024/11/17 (13:46:52) | ERROR: Couldn't determine terminal size of "/dev/tty"!
2024/11/17 (13:46:54) | ERROR: Couldn't determine terminal size of "STDOUT_FILENO"!
2024/11/17 (13:46:54) | ERROR: Couldn't determine terminal size of "/dev/tty"!
2024/11/17 (13:46:56) | ERROR: Couldn't determine terminal size of "STDOUT_FILENO"!
2024/11/17 (13:46:56) | ERROR: Couldn't determine terminal size of "/dev/tty"!
2024/11/17 (13:46:58) | ERROR: Couldn't determine terminal size of "STDOUT_FILENO"!
2024/11/17 (13:46:58) | ERROR: Couldn't determine terminal size of "/dev/tty"!
2024/11/17 (13:47:00) | ERROR: Couldn't determine terminal size of "STDOUT_FILENO"!
2024/11/17 (13:47:00) | ERROR: Couldn't determine terminal size of "/dev/tty"!
2024/11/17 (13:47:02) | ERROR: Couldn't determine terminal size of "STDOUT_FILENO"!
2024/11/17 (13:47:02) | ERROR: Couldn't determine terminal size of "/dev/tty"!
2024/11/17 (13:47:04) | ERROR: Couldn't determine terminal size of "STDOUT_FILENO"!
2024/11/17 (13:47:04) | ERROR: Couldn't determine terminal size of "/dev/tty"!
2024/11/17 (13:47:06) | ERROR: Couldn't determine terminal size of "STDOUT_FILENO"!
2024/11/17 (13:47:06) | ERROR: Couldn't determine terminal size of "/dev/tty"!
2024/11/17 (13:47:08) | ERROR: Couldn't determine terminal size of "STDOUT_FILENO"!
2024/11/17 (13:47:08) | ERROR: Couldn't determine terminal size of "/dev/tty"!
2024/11/17 (13:47:10) | ERROR: Couldn't determine terminal size of "STDOUT_FILENO"!
2024/11/17 (13:47:10) | ERROR: Couldn't determine terminal size of "/dev/tty"!
2024/11/17 (13:47:12) | ERROR: Couldn't determine terminal size of "STDOUT_FILENO"!
2024/11/17 (13:47:12) | ERROR: Couldn't determine terminal size of "/dev/tty"!
2024/11/17 (13:47:14) | ERROR: Couldn't determine terminal size of "STDOUT_FILENO"!
2024/11/17 (13:47:14) | ERROR: Couldn't determine terminal size of "/dev/tty"!
2024/11/17 (13:47:16) | ERROR: Couldn't determine terminal size of "STDOUT_FILENO"!
2024/11/17 (13:47:16) | ERROR: Couldn't determine terminal size of "/dev/tty"!
2024/11/17 (13:47:18) | ERROR: Couldn't determine terminal size of "STDOUT_FILENO"!
2024/11/17 (13:47:18) | ERROR: Couldn't determine terminal size of "/dev/tty"!
2024/11/17 (13:47:20) | ERROR: Couldn't determine terminal size of "STDOUT_FILENO"!
2024/11/17 (13:47:20) | ERROR: Couldn't determine terminal size of "/dev/tty"!
2024/11/17 (13:47:22) | ERROR: Couldn't determine terminal size of "STDOUT_FILENO"!
2024/11/17 (13:47:22) | ERROR: Couldn't determine terminal size of "/dev/tty"!
2024/11/17 (13:47:24) | ERROR: Couldn't determine terminal size of "STDOUT_FILENO"!
2024/11/17 (13:47:24) | ERROR: Couldn't determine terminal size of "/dev/tty"!
2024/11/17 (13:47:26) | ERROR: Couldn't determine terminal size of "STDOUT_FILENO"!
2024/11/17 (13:47:26) | ERROR: Couldn't determine terminal size of "/dev/tty"!
2024/11/17 (13:47:28) | ERROR: Couldn't determine terminal size of "STDOUT_FILENO"!
2024/11/17 (13:47:28) | ERROR: Couldn't determine terminal size of "/dev/tty"!
2024/11/17 (13:47:30) | ERROR: Couldn't determine terminal size of "STDOUT_FILENO"!
2024/11/17 (13:47:30) | ERROR: Couldn't determine terminal size of "/dev/tty"!
2024/11/17 (13:47:32) | ERROR: Couldn't determine terminal size of "STDOUT_FILENO"!
2024/11/17 (13:47:32) | ERROR: Couldn't determine terminal size of "/dev/tty"!
2024/11/17 (13:47:34) | ERROR: Couldn't determine terminal size of "STDOUT_FILENO"!
2024/11/17 (13:47:34) | ERROR: Couldn't determine terminal size of "/dev/tty"!
2024/11/17 (13:47:36) | ERROR: Couldn't determine terminal size of "STDOUT_FILENO"!
2024/11/17 (13:47:36) | ERROR: Couldn't determine terminal size of "/dev/tty"!
2024/11/17 (13:47:38) | ERROR: Couldn't determine terminal size of "STDOUT_FILENO"!
2024/11/17 (13:47:38) | ERROR: Couldn't determine terminal size of "/dev/tty"!
2024/11/17 (13:47:40) | ERROR: Couldn't determine terminal size of "STDOUT_FILENO"!
2024/11/17 (13:47:40) | ERROR: Couldn't determine terminal size of "/dev/tty"!
2024/11/17 (13:47:42) | ERROR: Couldn't determine terminal size of "STDOUT_FILENO"!
2024/11/17 (13:47:42) | ERROR: Couldn't determine terminal size of "/dev/tty"!
2024/11/17 (13:47:44) | ERROR: Couldn't determine terminal size of "STDOUT_FILENO"!
2024/11/17 (13:47:44) | ERROR: Couldn't determine terminal size of "/dev/tty"!
2024/11/17 (13:47:46) | ERROR: Couldn't determine terminal size of "STDOUT_FILENO"!
2024/11/17 (13:47:46) | ERROR: Couldn't determine terminal size of "/dev/tty"!
2024/11/17 (13:47:48) | ERROR: Couldn't determine terminal size of "STDOUT_FILENO"!
2024/11/17 (13:47:48) | ERROR: Couldn't determine terminal size of "/dev/tty"!
2024/11/17 (13:47:50) | ERROR: Couldn't determine terminal size of "STDOUT_FILENO"!
2024/11/17 (13:47:50) | ERROR: Couldn't determine terminal size of "/dev/tty"!
2024/11/17 (13:47:52) | ERROR: Couldn't determine terminal size of "STDOUT_FILENO"!
2024/11/17 (13:47:52) | ERROR: Couldn't determine terminal size of "/dev/tty"!
2024/11/17 (13:47:54) | ERROR: Couldn't determine terminal size of "STDOUT_FILENO"!
2024/11/17 (13:47:54) | ERROR: Couldn't determine terminal size of "/dev/tty"!
2024/11/17 (13:47:56) | ERROR: Couldn't determine terminal size of "STDOUT_FILENO"!
2024/11/17 (13:47:56) | ERROR: Couldn't determine terminal size of "/dev/tty"!
2024/11/17 (13:47:58) | ERROR: Couldn't determine terminal size of "STDOUT_FILENO"!
2024/11/17 (13:47:58) | ERROR: Couldn't determine terminal size of "/dev/tty"!
2024/11/17 (13:48:00) | ERROR: Couldn't determine terminal size of "STDOUT_FILENO"!
2024/11/17 (13:48:00) | ERROR: Couldn't determine terminal size of "/dev/tty"!
2024/11/17 (13:48:02) | ERROR: Couldn't determine terminal size of "STDOUT_FILENO"!
2024/11/17 (13:48:02) | ERROR: Couldn't determine terminal size of "/dev/tty"!
2024/11/17 (13:48:04) | ERROR: Couldn't determine terminal size of "STDOUT_FILENO"!
2024/11/17 (13:48:04) | ERROR: Couldn't determine terminal size of "/dev/tty"!
2024/11/17 (13:48:06) | ERROR: Couldn't determine terminal size of "STDOUT_FILENO"!
2024/11/17 (13:48:06) | ERROR: Couldn't determine terminal size of "/dev/tty"!
2024/11/17 (13:48:08) | ERROR: Couldn't determine terminal size of "STDOUT_FILENO"!
2024/11/17 (13:48:08) | ERROR: Couldn't determine terminal size of "/dev/tty"!
2024/11/17 (13:48:10) | ERROR: Couldn't determine terminal size of "STDOUT_FILENO"!
2024/11/17 (13:48:10) | ERROR: Couldn't determine terminal size of "/dev/tty"!
2024/11/17 (13:48:12) | ERROR: Couldn't determine terminal size of "STDOUT_FILENO"!
2024/11/17 (13:48:12) | ERROR: Couldn't determine terminal size of "/dev/tty"!
2024/11/17 (13:48:14) | ERROR: Couldn't determine terminal size of "STDOUT_FILENO"!
2024/11/17 (13:48:14) | ERROR: Couldn't determine terminal size of "/dev/tty"!
2024/11/17 (13:48:16) | ERROR: Couldn't determine terminal size of "STDOUT_FILENO"!
2024/11/17 (13:48:16) | ERROR: Couldn't determine terminal size of "/dev/tty"!
2024/11/17 (13:48:18) | ERROR: Couldn't determine terminal size of "STDOUT_FILENO"!
2024/11/17 (13:48:18) | ERROR: Couldn't determine terminal size of "/dev/tty"!
2024/11/17 (13:48:20) | ERROR: Couldn't determine terminal size of "STDOUT_FILENO"!
2024/11/17 (13:48:20) | ERROR: Couldn't determine terminal size of "/dev/tty"!
2024/11/17 (13:48:22) | ERROR: Couldn't determine terminal size of "STDOUT_FILENO"!
2024/11/17 (13:48:22) | ERROR: Couldn't determine terminal size of "/dev/tty"!
2024/11/17 (13:48:24) | ERROR: Couldn't determine terminal size of "STDOUT_FILENO"!
2024/11/17 (13:48:24) | ERROR: Couldn't determine terminal size of "/dev/tty"!
2024/11/17 (13:48:26) | ERROR: Couldn't determine terminal size of "STDOUT_FILENO"!
2024/11/17 (13:48:26) | ERROR: Couldn't determine terminal size of "/dev/tty"!
2024/11/17 (13:48:28) | ERROR: Couldn't determine terminal size of "STDOUT_FILENO"!
2024/11/17 (13:48:28) | ERROR: Couldn't determine terminal size of "/dev/tty"!
2024/11/17 (13:48:30) | ERROR: Couldn't determine terminal size of "STDOUT_FILENO"!
2024/11/17 (13:48:30) | ERROR: Couldn't determine terminal size of "/dev/tty"!
2024/11/17 (13:48:32) | ERROR: Couldn't determine terminal size of "STDOUT_FILENO"!
2024/11/17 (13:48:32) | ERROR: Couldn't determine terminal size of "/dev/tty"!
2024/11/17 (13:48:34) | ERROR: Couldn't determine terminal size of "STDOUT_FILENO"!
2024/11/17 (13:48:34) | ERROR: Couldn't determine terminal size of "/dev/tty"!
2024/11/17 (13:48:36) | ERROR: Couldn't determine terminal size of "STDOUT_FILENO"!
2024/11/17 (13:48:36) | ERROR: Couldn't determine terminal size of "/dev/tty"!
2024/11/17 (13:48:38) | ERROR: Couldn't determine terminal size of "STDOUT_FILENO"!
2024/11/17 (13:48:38) | ERROR: Couldn't determine terminal size of "/dev/tty"!
2024/11/17 (13:48:40) | ERROR: Couldn't determine terminal size of "STDOUT_FILENO"!
2024/11/17 (13:48:40) | ERROR: Couldn't determine terminal size of "/dev/tty"!
2024/11/17 (13:48:42) | ERROR: Couldn't determine terminal size of "STDOUT_FILENO"!
2024/11/17 (13:48:42) | ERROR: Couldn't determine terminal size of "/dev/tty"!
2024/11/17 (13:48:44) | ERROR: Couldn't determine terminal size of "STDOUT_FILENO"!
2024/11/17 (13:48:44) | ERROR: Couldn't determine terminal size of "/dev/tty"!
2024/11/17 (13:48:46) | ERROR: Couldn't determine terminal size of "STDOUT_FILENO"!
2024/11/17 (13:48:46) | ERROR: Couldn't determine terminal size of "/dev/tty"!
2024/11/17 (13:48:48) | ERROR: Couldn't determine terminal size of "STDOUT_FILENO"!
2024/11/17 (13:48:48) | ERROR: Couldn't determine terminal size of "/dev/tty"!
2024/11/17 (13:48:50) | ERROR: Couldn't determine terminal size of "STDOUT_FILENO"!
2024/11/17 (13:48:50) | ERROR: Couldn't determine terminal size of "/dev/tty"!
2024/11/17 (13:48:52) | ERROR: Couldn't determine terminal size of "STDOUT_FILENO"!
2024/11/17 (13:48:52) | ERROR: Couldn't determine terminal size of "/dev/tty"!
2024/11/17 (13:48:54) | ERROR: Couldn't determine terminal size of "STDOUT_FILENO"!
2024/11/17 (13:48:54) | ERROR: Couldn't determine terminal size of "/dev/tty"!
2024/11/17 (13:48:56) | ERROR: Couldn't determine terminal size of "STDOUT_FILENO"!
2024/11/17 (13:48:56) | ERROR: Couldn't determine terminal size of "/dev/tty"!
2024/11/17 (13:48:58) | ERROR: Couldn't determine terminal size of "STDOUT_FILENO"!
2024/11/17 (13:48:58) | ERROR: Couldn't determine terminal size of "/dev/tty"!
2024/11/17 (13:49:00) | ERROR: Couldn't determine terminal size of "STDOUT_FILENO"!
2024/11/17 (13:49:00) | ERROR: Couldn't determine terminal size of "/dev/tty"!
2024/11/17 (13:49:02) | ERROR: Couldn't determine terminal size of "STDOUT_FILENO"!
2024/11/17 (13:49:02) | ERROR: Couldn't determine terminal size of "/dev/tty"!
2024/11/17 (13:49:04) | ERROR: Couldn't determine terminal size of "STDOUT_FILENO"!
2024/11/17 (13:49:04) | ERROR: Couldn't determine terminal size of "/dev/tty"!
2024/11/17 (13:49:06) | ERROR: Couldn't determine terminal size of "STDOUT_FILENO"!
2024/11/17 (13:49:06) | ERROR: Couldn't determine terminal size of "/dev/tty"!
2024/11/17 (13:49:08) | ERROR: Couldn't determine terminal size of "STDOUT_FILENO"!
2024/11/17 (13:49:08) | ERROR: Couldn't determine terminal size of "/dev/tty"!
2024/11/17 (13:49:10) | ERROR: Couldn't determine terminal size of "STDOUT_FILENO"!
2024/11/17 (13:49:10) | ERROR: Couldn't determine terminal size of "/dev/tty"!
2024/11/17 (13:49:12) | ERROR: Couldn't determine terminal size of "STDOUT_FILENO"!
2024/11/17 (13:49:12) | ERROR: Couldn't determine terminal size of "/dev/tty"!
2024/11/17 (13:49:14) | ERROR: Couldn't determine terminal size of "STDOUT_FILENO"!
2024/11/17 (13:49:14) | ERROR: Couldn't determine terminal size of "/dev/tty"!
2024/11/17 (13:49:16) | ERROR: Couldn't determine terminal size of "STDOUT_FILENO"!
2024/11/17 (13:49:16) | ERROR: Couldn't determine terminal size of "/dev/tty"!
2024/11/17 (13:49:18) | ERROR: Couldn't determine terminal size of "STDOUT_FILENO"!
2024/11/17 (13:49:18) | ERROR: Couldn't determine terminal size of "/dev/tty"!
2024/11/17 (13:49:20) | ERROR: Couldn't determine terminal size of "STDOUT_FILENO"!
2024/11/17 (13:49:20) | ERROR: Couldn't determine terminal size of "/dev/tty"!
2024/11/17 (13:49:22) | ERROR: Couldn't determine terminal size of "STDOUT_FILENO"!
2024/11/17 (13:49:22) | ERROR: Couldn't determine terminal size of "/dev/tty"!
2024/11/17 (13:49:24) | ERROR: Couldn't determine terminal size of "STDOUT_FILENO"!
2024/11/17 (13:49:24) | ERROR: Couldn't determine terminal size of "/dev/tty"!
2024/11/17 (13:49:26) | ERROR: Couldn't determine terminal size of "STDOUT_FILENO"!
2024/11/17 (13:49:26) | ERROR: Couldn't determine terminal size of "/dev/tty"!
2024/11/17 (13:49:28) | ERROR: Couldn't determine terminal size of "STDOUT_FILENO"!
2024/11/17 (13:49:28) | ERROR: Couldn't determine terminal size of "/dev/tty"!
2024/11/17 (13:49:30) | ERROR: Couldn't determine terminal size of "STDOUT_FILENO"!
2024/11/17 (13:49:30) | ERROR: Couldn't determine terminal size of "/dev/tty"!
2024/11/17 (13:49:32) | ERROR: Couldn't determine terminal size of "STDOUT_FILENO"!
2024/11/17 (13:49:32) | ERROR: Couldn't determine terminal size of "/dev/tty"!
2024/11/17 (13:49:34) | ERROR: Couldn't determine terminal size of "STDOUT_FILENO"!
2024/11/17 (13:49:34) | ERROR: Couldn't determine terminal size of "/dev/tty"!
2024/11/17 (13:49:36) | ERROR: Couldn't determine terminal size of "STDOUT_FILENO"!
2024/11/17 (13:49:36) | ERROR: Couldn't determine terminal size of "/dev/tty"!
2024/11/17 (13:49:38) | ERROR: Couldn't determine terminal size of "STDOUT_FILENO"!
2024/11/17 (13:49:38) | ERROR: Couldn't determine terminal size of "/dev/tty"!
2024/11/17 (13:49:40) | ERROR: Couldn't determine terminal size of "STDOUT_FILENO"!
2024/11/17 (13:49:40) | ERROR: Couldn't determine terminal size of "/dev/tty"!
2024/11/17 (13:49:42) | ERROR: Couldn't determine terminal size of "STDOUT_FILENO"!
2024/11/17 (13:49:42) | ERROR: Couldn't determine terminal size of "/dev/tty"!
2024/11/17 (13:49:44) | ERROR: Couldn't determine terminal size of "STDOUT_FILENO"!
2024/11/17 (13:49:44) | ERROR: Couldn't determine terminal size of "/dev/tty"!
2024/11/17 (13:49:46) | ERROR: Couldn't determine terminal size of "STDOUT_FILENO"!
2024/11/17 (13:49:46) | ERROR: Couldn't determine terminal size of "/dev/tty"!
2024/11/17 (13:49:48) | ERROR: Couldn't determine terminal size of "STDOUT_FILENO"!
2024/11/17 (13:49:48) | ERROR: Couldn't determine terminal size of "/dev/tty"!
2024/11/17 (13:49:50) | ERROR: Couldn't determine terminal size of "STDOUT_FILENO"!
2024/11/17 (13:49:50) | ERROR: Couldn't determine terminal size of "/dev/tty"!
2024/11/17 (13:49:52) | ERROR: Couldn't determine terminal size of "STDOUT_FILENO"!
2024/11/17 (13:49:52) | ERROR: Couldn't determine terminal size of "/dev/tty"!
2024/11/17 (13:49:54) | ERROR: Couldn't determine terminal size of "STDOUT_FILENO"!
2024/11/17 (13:49:54) | ERROR: Couldn't determine terminal size of "/dev/tty"!
2024/11/17 (13:49:56) | ERROR: Couldn't determine terminal size of "STDOUT_FILENO"!
2024/11/17 (13:49:56) | ERROR: Couldn't determine terminal size of "/dev/tty"!
2024/11/17 (13:49:58) | ERROR: Couldn't determine terminal size of "STDOUT_FILENO"!
2024/11/17 (13:49:58) | ERROR: Couldn't determine terminal size of "/dev/tty"!
2024/11/17 (13:50:00) | ERROR: Couldn't determine terminal size of "STDOUT_FILENO"!
2024/11/17 (13:50:00) | ERROR: Couldn't determine terminal size of "/dev/tty"!
2024/11/17 (13:50:02) | ERROR: Couldn't determine terminal size of "STDOUT_FILENO"!
2024/11/17 (13:50:02) | ERROR: Couldn't determine terminal size of "/dev/tty"!
2024/11/17 (13:50:04) | ERROR: Couldn't determine terminal size of "STDOUT_FILENO"!
2024/11/17 (13:50:04) | ERROR: Couldn't determine terminal size of "/dev/tty"!
2024/11/17 (13:50:06) | ERROR: Couldn't determine terminal size of "STDOUT_FILENO"!
2024/11/17 (13:50:06) | ERROR: Couldn't determine terminal size of "/dev/tty"!
2024/11/17 (13:50:08) | ERROR: Couldn't determine terminal size of "STDOUT_FILENO"!
2024/11/17 (13:50:08) | ERROR: Couldn't determine terminal size of "/dev/tty"!
2024/11/17 (13:50:10) | ERROR: Couldn't determine terminal size of "STDOUT_FILENO"!
2024/11/17 (13:50:10) | ERROR: Couldn't determine terminal size of "/dev/tty"!
2024/11/17 (13:50:12) | ERROR: Couldn't determine terminal size of "STDOUT_FILENO"!
2024/11/17 (13:50:12) | ERROR: Couldn't determine terminal size of "/dev/tty"!
2024/11/17 (13:50:14) | ERROR: Couldn't determine terminal size of "STDOUT_FILENO"!
2024/11/17 (13:50:14) | ERROR: Couldn't determine terminal size of "/dev/tty"!
2024/11/17 (13:50:16) | ERROR: Couldn't determine terminal size of "STDOUT_FILENO"!
2024/11/17 (13:50:16) | ERROR: Couldn't determine terminal size of "/dev/tty"!
2024/11/17 (13:50:18) | ERROR: Couldn't determine terminal size of "STDOUT_FILENO"!
2024/11/17 (13:50:18) | ERROR: Couldn't determine terminal size of "/dev/tty"!
2024/11/17 (13:50:20) | ERROR: Couldn't determine terminal size of "STDOUT_FILENO"!
2024/11/17 (13:50:20) | ERROR: Couldn't determine terminal size of "/dev/tty"!
2024/11/17 (13:50:22) | ERROR: Couldn't determine terminal size of "STDOUT_FILENO"!
2024/11/17 (13:50:22) | ERROR: Couldn't determine terminal size of "/dev/tty"!
2024/11/17 (13:50:24) | ERROR: Couldn't determine terminal size of "STDOUT_FILENO"!
2024/11/17 (13:50:24) | ERROR: Couldn't determine terminal size of "/dev/tty"!
2024/11/17 (13:50:26) | ERROR: Couldn't determine terminal size of "STDOUT_FILENO"!
2024/11/17 (13:50:26) | ERROR: Couldn't determine terminal size of "/dev/tty"!
2024/11/17 (13:50:28) | ERROR: Couldn't determine terminal size of "STDOUT_FILENO"!
2024/11/17 (13:50:28) | ERROR: Couldn't determine terminal size of "/dev/tty"!
2024/11/17 (13:50:30) | ERROR: Couldn't determine terminal size of "STDOUT_FILENO"!
2024/11/17 (13:50:30) | ERROR: Couldn't determine terminal size of "/dev/tty"!
2024/11/17 (13:50:32) | ERROR: Couldn't determine terminal size of "STDOUT_FILENO"!
2024/11/17 (13:50:32) | ERROR: Couldn't determine terminal size of "/dev/tty"!
2024/11/17 (13:50:34) | ERROR: Couldn't determine terminal size of "STDOUT_FILENO"!
2024/11/17 (13:50:34) | ERROR: Couldn't determine terminal size of "/dev/tty"!
2024/11/17 (13:50:36) | ERROR: Couldn't determine terminal size of "STDOUT_FILENO"!
2024/11/17 (13:50:36) | ERROR: Couldn't determine terminal size of "/dev/tty"!
2024/11/17 (13:50:38) | ERROR: Couldn't determine terminal size of "STDOUT_FILENO"!
2024/11/17 (13:50:38) | ERROR: Couldn't determine terminal size of "/dev/tty"!
2024/11/17 (13:50:40) | ERROR: Couldn't determine terminal size of "STDOUT_FILENO"!
2024/11/17 (13:50:40) | ERROR: Couldn't determine terminal size of "/dev/tty"!
2024/11/17 (13:50:42) | ERROR: Couldn't determine terminal size of "STDOUT_FILENO"!
2024/11/17 (13:50:42) | ERROR: Couldn't determine terminal size of "/dev/tty"!
2024/11/17 (13:50:44) | ERROR: Couldn't determine terminal size of "STDOUT_FILENO"!
2024/11/17 (13:50:44) | ERROR: Couldn't determine terminal size of "/dev/tty"!
2024/11/17 (13:50:46) | ERROR: Couldn't determine terminal size of "STDOUT_FILENO"!
2024/11/17 (13:50:46) | ERROR: Couldn't determine terminal size of "/dev/tty"!
2024/11/17 (13:50:48) | ERROR: Couldn't determine terminal size of "STDOUT_FILENO"!
2024/11/17 (13:50:48) | ERROR: Couldn't determine terminal size of "/dev/tty"!
2024/11/17 (13:50:50) | ERROR: Couldn't determine terminal size of "STDOUT_FILENO"!
2024/11/17 (13:50:50) | ERROR: Couldn't determine terminal size of "/dev/tty"!
2024/11/17 (13:50:52) | ERROR: Couldn't determine terminal size of "STDOUT_FILENO"!
2024/11/17 (13:50:52) | ERROR: Couldn't determine terminal size of "/dev/tty"!
2024/11/17 (13:50:54) | ERROR: Couldn't determine terminal size of "STDOUT_FILENO"!
2024/11/17 (13:50:54) | ERROR: Couldn't determine terminal size of "/dev/tty"!
2024/11/17 (13:50:56) | ERROR: Couldn't determine terminal size of "STDOUT_FILENO"!
2024/11/17 (13:50:56) | ERROR: Couldn't determine terminal size of "/dev/tty"!
2024/11/17 (13:50:58) | ERROR: Couldn't determine terminal size of "STDOUT_FILENO"!
2024/11/17 (13:50:58) | ERROR: Couldn't determine terminal size of "/dev/tty"!
2024/11/17 (13:51:00) | ERROR: Couldn't determine terminal size of "STDOUT_FILENO"!
2024/11/17 (13:51:00) | ERROR: Couldn't determine terminal size of "/dev/tty"!
2024/11/17 (13:51:02) | ERROR: Couldn't determine terminal size of "STDOUT_FILENO"!
2024/11/17 (13:51:02) | ERROR: Couldn't determine terminal size of "/dev/tty"!
2024/11/17 (13:51:04) | ERROR: Couldn't determine terminal size of "STDOUT_FILENO"!
2024/11/17 (13:51:04) | ERROR: Couldn't determine terminal size of "/dev/tty"!
2024/11/17 (13:51:06) | ERROR: Couldn't determine terminal size of "STDOUT_FILENO"!
2024/11/17 (13:51:06) | ERROR: Couldn't determine terminal size of "/dev/tty"!
2024/11/17 (13:51:08) | ERROR: Couldn't determine terminal size of "STDOUT_FILENO"!
2024/11/17 (13:51:08) | ERROR: Couldn't determine terminal size of "/dev/tty"!
2024/11/17 (13:51:10) | ERROR: Couldn't determine terminal size of "STDOUT_FILENO"!
2024/11/17 (13:51:10) | ERROR: Couldn't determine terminal size of "/dev/tty"!
2024/11/17 (13:51:12) | ERROR: Couldn't determine terminal size of "STDOUT_FILENO"!
2024/11/17 (13:51:12) | ERROR: Couldn't determine terminal size of "/dev/tty"!
2024/11/17 (13:51:14) | ERROR: Couldn't determine terminal size of "STDOUT_FILENO"!
2024/11/17 (13:51:14) | ERROR: Couldn't determine terminal size of "/dev/tty"!
2024/11/17 (13:51:16) | ERROR: Couldn't determine terminal size of "STDOUT_FILENO"!
2024/11/17 (13:51:16) | ERROR: Couldn't determine terminal size of "/dev/tty"!
2024/11/17 (13:51:18) | ERROR: Couldn't determine terminal size of "STDOUT_FILENO"!
2024/11/17 (13:51:18) | ERROR: Couldn't determine terminal size of "/dev/tty"!
2024/11/17 (13:51:20) | ERROR: Couldn't determine terminal size of "STDOUT_FILENO"!
2024/11/17 (13:51:20) | ERROR: Couldn't determine terminal size of "/dev/tty"!
2024/11/17 (13:51:22) | ERROR: Couldn't determine terminal size of "STDOUT_FILENO"!
2024/11/17 (13:51:22) | ERROR: Couldn't determine terminal size of "/dev/tty"!
2024/11/17 (13:51:24) | ERROR: Couldn't determine terminal size of "STDOUT_FILENO"!
2024/11/17 (13:51:24) | ERROR: Couldn't determine terminal size of "/dev/tty"!
2024/11/17 (13:51:26) | ERROR: Couldn't determine terminal size of "STDOUT_FILENO"!
2024/11/17 (13:51:26) | ERROR: Couldn't determine terminal size of "/dev/tty"!
2024/11/17 (13:51:28) | ERROR: Couldn't determine terminal size of "STDOUT_FILENO"!
2024/11/17 (13:51:28) | ERROR: Couldn't determine terminal size of "/dev/tty"!
2024/11/17 (13:51:30) | ERROR: Couldn't determine terminal size of "STDOUT_FILENO"!
2024/11/17 (13:51:30) | ERROR: Couldn't determine terminal size of "/dev/tty"!
2024/11/17 (13:51:32) | ERROR: Couldn't determine terminal size of "STDOUT_FILENO"!
2024/11/17 (13:51:32) | ERROR: Couldn't determine terminal size of "/dev/tty"!
2024/11/17 (13:51:34) | ERROR: Couldn't determine terminal size of "STDOUT_FILENO"!
2024/11/17 (13:51:34) | ERROR: Couldn't determine terminal size of "/dev/tty"!
2024/11/17 (13:51:36) | ERROR: Couldn't determine terminal size of "STDOUT_FILENO"!
2024/11/17 (13:51:36) | ERROR: Couldn't determine terminal size of "/dev/tty"!
2024/11/17 (13:51:38) | ERROR: Couldn't determine terminal size of "STDOUT_FILENO"!
2024/11/17 (13:51:38) | ERROR: Couldn't determine terminal size of "/dev/tty"!
2024/11/17 (13:51:40) | ERROR: Couldn't determine terminal size of "STDOUT_FILENO"!
2024/11/17 (13:51:40) | ERROR: Couldn't determine terminal size of "/dev/tty"!
2024/11/17 (13:51:42) | ERROR: Couldn't determine terminal size of "STDOUT_FILENO"!
2024/11/17 (13:51:42) | ERROR: Couldn't determine terminal size of "/dev/tty"!
2024/11/17 (13:51:44) | ERROR: Couldn't determine terminal size of "STDOUT_FILENO"!
2024/11/17 (13:51:44) | ERROR: Couldn't determine terminal size of "/dev/tty"!
2024/11/17 (13:51:46) | ERROR: Couldn't determine terminal size of "STDOUT_FILENO"!
2024/11/17 (13:51:46) | ERROR: Couldn't determine terminal size of "/dev/tty"!
2024/11/17 (13:51:48) | ERROR: Couldn't determine terminal size of "STDOUT_FILENO"!
2024/11/17 (13:51:48) | ERROR: Couldn't determine terminal size of "/dev/tty"!
2024/11/17 (13:51:50) | ERROR: Couldn't determine terminal size of "STDOUT_FILENO"!
2024/11/17 (13:51:50) | ERROR: Couldn't determine terminal size of "/dev/tty"!
2024/11/17 (13:51:52) | ERROR: Couldn't determine terminal size of "STDOUT_FILENO"!
2024/11/17 (13:51:52) | ERROR: Couldn't determine terminal size of "/dev/tty"!
2024/11/17 (13:51:54) | ERROR: Couldn't determine terminal size of "STDOUT_FILENO"!
2024/11/17 (13:51:54) | ERROR: Couldn't determine terminal size of "/dev/tty"!
2024/11/17 (13:51:56) | ERROR: Couldn't determine terminal size of "STDOUT_FILENO"!
2024/11/17 (13:51:56) | ERROR: Couldn't determine terminal size of "/dev/tty"!
2024/11/17 (13:51:58) | ERROR: Couldn't determine terminal size of "STDOUT_FILENO"!
2024/11/17 (13:51:58) | ERROR: Couldn't determine terminal size of "/dev/tty"!
2024/11/17 (13:52:00) | ERROR: Couldn't determine terminal size of "STDOUT_FILENO"!
2024/11/17 (13:52:00) | ERROR: Couldn't determine terminal size of "/dev/tty"!
2024/11/17 (13:52:02) | ERROR: Couldn't determine terminal size of "STDOUT_FILENO"!
2024/11/17 (13:52:02) | ERROR: Couldn't determine terminal size of "/dev/tty"!
2024/11/17 (13:52:04) | ERROR: Couldn't determine terminal size of "STDOUT_FILENO"!
2024/11/17 (13:52:04) | ERROR: Couldn't determine terminal size of "/dev/tty"!
2024/11/17 (13:52:06) | ERROR: Couldn't determine terminal size of "STDOUT_FILENO"!
2024/11/17 (13:52:06) | ERROR: Couldn't determine terminal size of "/dev/tty"!
2024/11/17 (13:52:08) | ERROR: Couldn't determine terminal size of "STDOUT_FILENO"!
2024/11/17 (13:52:08) | ERROR: Couldn't determine terminal size of "/dev/tty"!
2024/11/17 (13:52:10) | ERROR: Couldn't determine terminal size of "STDOUT_FILENO"!
2024/11/17 (13:52:10) | ERROR: Couldn't determine terminal size of "/dev/tty"!
2024/11/17 (13:52:12) | ERROR: Couldn't determine terminal size of "STDOUT_FILENO"!
2024/11/17 (13:52:12) | ERROR: Couldn't determine terminal size of "/dev/tty"!
2024/11/17 (13:52:14) | ERROR: Couldn't determine terminal size of "STDOUT_FILENO"!
2024/11/17 (13:52:14) | ERROR: Couldn't determine terminal size of "/dev/tty"!
2024/11/17 (13:52:16) | ERROR: Couldn't determine terminal size of "STDOUT_FILENO"!
2024/11/17 (13:52:16) | ERROR: Couldn't determine terminal size of "/dev/tty"!
2024/11/17 (13:52:18) | ERROR: Couldn't determine terminal size of "STDOUT_FILENO"!
2024/11/17 (13:52:18) | ERROR: Couldn't determine terminal size of "/dev/tty"!
2024/11/17 (13:52:20) | ERROR: Couldn't determine terminal size of "STDOUT_FILENO"!
2024/11/17 (13:52:20) | ERROR: Couldn't determine terminal size of "/dev/tty"!
2024/11/17 (13:52:22) | ERROR: Couldn't determine terminal size of "STDOUT_FILENO"!
2024/11/17 (13:52:22) | ERROR: Couldn't determine terminal size of "/dev/tty"!
2024/11/17 (13:52:24) | ERROR: Couldn't determine terminal size of "STDOUT_FILENO"!
2024/11/17 (13:52:24) | ERROR: Couldn't determine terminal size of "/dev/tty"!
2024/11/17 (13:52:26) | ERROR: Couldn't determine terminal size of "STDOUT_FILENO"!
2024/11/17 (13:52:26) | ERROR: Couldn't determine terminal size of "/dev/tty"!
2024/11/17 (13:52:28) | ERROR: Couldn't determine terminal size of "STDOUT_FILENO"!
2024/11/17 (13:52:28) | ERROR: Couldn't determine terminal size of "/dev/tty"!
2024/11/17 (13:52:30) | ERROR: Couldn't determine terminal size of "STDOUT_FILENO"!
2024/11/17 (13:52:30) | ERROR: Couldn't determine terminal size of "/dev/tty"!
2024/11/17 (13:52:32) | ERROR: Couldn't determine terminal size of "STDOUT_FILENO"!
2024/11/17 (13:52:32) | ERROR: Couldn't determine terminal size of "/dev/tty"!
2024/11/17 (13:52:34) | ERROR: Couldn't determine terminal size of "STDOUT_FILENO"!
2024/11/17 (13:52:34) | ERROR: Couldn't determine terminal size of "/dev/tty"!
2024/11/17 (13:52:36) | ERROR: Couldn't determine terminal size of "STDOUT_FILENO"!
2024/11/17 (13:52:36) | ERROR: Couldn't determine terminal size of "/dev/tty"!
2024/11/17 (13:52:38) | ERROR: Couldn't determine terminal size of "STDOUT_FILENO"!
2024/11/17 (13:52:38) | ERROR: Couldn't determine terminal size of "/dev/tty"!
2024/11/17 (13:52:40) | ERROR: Couldn't determine terminal size of "STDOUT_FILENO"!
2024/11/17 (13:52:40) | ERROR: Couldn't determine terminal size of "/dev/tty"!
2024/11/17 (13:52:42) | ERROR: Couldn't determine terminal size of "STDOUT_FILENO"!
2024/11/17 (13:52:42) | ERROR: Couldn't determine terminal size of "/dev/tty"!
2024/11/17 (13:52:44) | ERROR: Couldn't determine terminal size of "STDOUT_FILENO"!
2024/11/17 (13:52:44) | ERROR: Couldn't determine terminal size of "/dev/tty"!
2024/11/17 (13:52:46) | ERROR: Couldn't determine terminal size of "STDOUT_FILENO"!
2024/11/17 (13:52:46) | ERROR: Couldn't determine terminal size of "/dev/tty"!
2024/11/17 (13:52:48) | ERROR: Couldn't determine terminal size of "STDOUT_FILENO"!
2024/11/17 (13:52:48) | ERROR: Couldn't determine terminal size of "/dev/tty"!
2024/11/17 (13:52:50) | ERROR: Couldn't determine terminal size of "STDOUT_FILENO"!
2024/11/17 (13:52:50) | ERROR: Couldn't determine terminal size of "/dev/tty"!
2024/11/17 (13:52:52) | ERROR: Couldn't determine terminal size of "STDOUT_FILENO"!
2024/11/17 (13:52:52) | ERROR: Couldn't determine terminal size of "/dev/tty"!
2024/11/17 (13:52:54) | ERROR: Couldn't determine terminal size of "STDOUT_FILENO"!
2024/11/17 (13:52:54) | ERROR: Couldn't determine terminal size of "/dev/tty"!
2024/11/17 (13:52:56) | ERROR: Couldn't determine terminal size of "STDOUT_FILENO"!
2024/11/17 (13:52:56) | ERROR: Couldn't determine terminal size of "/dev/tty"!
2024/11/17 (13:52:58) | ERROR: Couldn't determine terminal size of "STDOUT_FILENO"!
2024/11/17 (13:52:58) | ERROR: Couldn't determine terminal size of "/dev/tty"!
2024/11/17 (13:53:00) | ERROR: Couldn't determine terminal size of "STDOUT_FILENO"!
2024/11/17 (13:53:00) | ERROR: Couldn't determine terminal size of "/dev/tty"!
2024/11/17 (13:53:02) | ERROR: Couldn't determine terminal size of "STDOUT_FILENO"!
2024/11/17 (13:53:02) | ERROR: Couldn't determine terminal size of "/dev/tty"!
2024/11/17 (13:53:04) | ERROR: Couldn't determine terminal size of "STDOUT_FILENO"!
2024/11/17 (13:53:04) | ERROR: Couldn't determine terminal size of "/dev/tty"!
2024/11/17 (13:53:06) | ERROR: Couldn't determine terminal size of "STDOUT_FILENO"!
2024/11/17 (13:53:06) | ERROR: Couldn't determine terminal size of "/dev/tty"!
2024/11/17 (13:53:08) | ERROR: Couldn't determine terminal size of "STDOUT_FILENO"!
2024/11/17 (13:53:08) | ERROR: Couldn't determine terminal size of "/dev/tty"!
2024/11/17 (13:53:10) | ERROR: Couldn't determine terminal size of "STDOUT_FILENO"!
2024/11/17 (13:53:10) | ERROR: Couldn't determine terminal size of "/dev/tty"!
2024/11/17 (13:53:12) | ERROR: Couldn't determine terminal size of "STDOUT_FILENO"!
2024/11/17 (13:53:12) | ERROR: Couldn't determine terminal size of "/dev/tty"!
2024/11/17 (13:53:14) | ERROR: Couldn't determine terminal size of "STDOUT_FILENO"!
2024/11/17 (13:53:14) | ERROR: Couldn't determine terminal size of "/dev/tty"!
2024/11/17 (13:53:16) | ERROR: Couldn't determine terminal size of "STDOUT_FILENO"!
2024/11/17 (13:53:16) | ERROR: Couldn't determine terminal size of "/dev/tty"!
2024/11/17 (13:53:18) | ERROR: Couldn't determine terminal size of "STDOUT_FILENO"!
2024/11/17 (13:53:18) | ERROR: Couldn't determine terminal size of "/dev/tty"!
2024/11/17 (13:53:20) | ERROR: Couldn't determine terminal size of "STDOUT_FILENO"!
2024/11/17 (13:53:20) | ERROR: Couldn't determine terminal size of "/dev/tty"!
2024/11/17 (13:53:22) | ERROR: Couldn't determine terminal size of "STDOUT_FILENO"!
2024/11/17 (13:53:22) | ERROR: Couldn't determine terminal size of "/dev/tty"!
2024/11/17 (13:53:24) | ERROR: Couldn't determine terminal size of "STDOUT_FILENO"!
2024/11/17 (13:53:24) | ERROR: Couldn't determine terminal size of "/dev/tty"!
2024/11/17 (13:53:26) | ERROR: Couldn't determine terminal size of "STDOUT_FILENO"!
2024/11/17 (13:53:26) | ERROR: Couldn't determine terminal size of "/dev/tty"!
2024/11/17 (13:53:28) | ERROR: Couldn't determine terminal size of "STDOUT_FILENO"!
2024/11/17 (13:53:28) | ERROR: Couldn't determine terminal size of "/dev/tty"!
2024/11/17 (13:53:30) | ERROR: Couldn't determine terminal size of "STDOUT_FILENO"!
2024/11/17 (13:53:30) | ERROR: Couldn't determine terminal size of "/dev/tty"!
2024/11/17 (13:53:32) | ERROR: Couldn't determine terminal size of "STDOUT_FILENO"!
2024/11/17 (13:53:32) | ERROR: Couldn't determine terminal size of "/dev/tty"!
2024/11/17 (13:53:34) | ERROR: Couldn't determine terminal size of "STDOUT_FILENO"!
2024/11/17 (13:53:34) | ERROR: Couldn't determine terminal size of "/dev/tty"!
2024/11/17 (13:53:36) | ERROR: Couldn't determine terminal size of "STDOUT_FILENO"!
2024/11/17 (13:53:36) | ERROR: Couldn't determine terminal size of "/dev/tty"!
2024/11/17 (13:53:38) | ERROR: Couldn't determine terminal size of "STDOUT_FILENO"!
2024/11/17 (13:53:38) | ERROR: Couldn't determine terminal size of "/dev/tty"!
2024/11/17 (13:53:40) | ERROR: Couldn't determine terminal size of "STDOUT_FILENO"!
2024/11/17 (13:53:40) | ERROR: Couldn't determine terminal size of "/dev/tty"!
2024/11/17 (13:53:42) | ERROR: Couldn't determine terminal size of "STDOUT_FILENO"!
2024/11/17 (13:53:42) | ERROR: Couldn't determine terminal size of "/dev/tty"!
2024/11/17 (13:53:44) | ERROR: Couldn't determine terminal size of "STDOUT_FILENO"!
2024/11/17 (13:53:44) | ERROR: Couldn't determine terminal size of "/dev/tty"!
2024/11/17 (13:53:46) | ERROR: Couldn't determine terminal size of "STDOUT_FILENO"!
2024/11/17 (13:53:46) | ERROR: Couldn't determine terminal size of "/dev/tty"!
2024/11/17 (13:53:48) | ERROR: Couldn't determine terminal size of "STDOUT_FILENO"!
2024/11/17 (13:53:48) | ERROR: Couldn't determine terminal size of "/dev/tty"!
2024/11/17 (13:53:50) | ERROR: Couldn't determine terminal size of "STDOUT_FILENO"!
2024/11/17 (13:53:50) | ERROR: Couldn't determine terminal size of "/dev/tty"!
2024/11/17 (13:53:52) | ERROR: Couldn't determine terminal size of "STDOUT_FILENO"!
2024/11/17 (13:53:52) | ERROR: Couldn't determine terminal size of "/dev/tty"!
2024/11/17 (13:53:54) | ERROR: Couldn't determine terminal size of "STDOUT_FILENO"!
2024/11/17 (13:53:54) | ERROR: Couldn't determine terminal size of "/dev/tty"!
2024/11/17 (13:53:56) | ERROR: Couldn't determine terminal size of "STDOUT_FILENO"!
2024/11/17 (13:53:56) | ERROR: Couldn't determine terminal size of "/dev/tty"!
2024/11/17 (13:53:58) | ERROR: Couldn't determine terminal size of "STDOUT_FILENO"!
2024/11/17 (13:53:58) | ERROR: Couldn't determine terminal size of "/dev/tty"!
2024/11/17 (13:54:00) | ERROR: Couldn't determine terminal size of "STDOUT_FILENO"!
2024/11/17 (13:54:00) | ERROR: Couldn't determine terminal size of "/dev/tty"!
2024/11/17 (13:54:02) | ERROR: Couldn't determine terminal size of "STDOUT_FILENO"!
2024/11/17 (13:54:02) | ERROR: Couldn't determine terminal size of "/dev/tty"!
2024/11/17 (13:54:04) | ERROR: Couldn't determine terminal size of "STDOUT_FILENO"!
2024/11/17 (13:54:04) | ERROR: Couldn't determine terminal size of "/dev/tty"!
2024/11/17 (13:54:06) | ERROR: Couldn't determine terminal size of "STDOUT_FILENO"!
2024/11/17 (13:54:06) | ERROR: Couldn't determine terminal size of "/dev/tty"!
2024/11/17 (13:54:08) | ERROR: Couldn't determine terminal size of "STDOUT_FILENO"!
2024/11/17 (13:54:08) | ERROR: Couldn't determine terminal size of "/dev/tty"!
2024/11/17 (13:54:10) | ERROR: Couldn't determine terminal size of "STDOUT_FILENO"!
2024/11/17 (13:54:10) | ERROR: Couldn't determine terminal size of "/dev/tty"!
2024/11/17 (13:54:12) | ERROR: Couldn't determine terminal size of "STDOUT_FILENO"!
2024/11/17 (13:54:12) | ERROR: Couldn't determine terminal size of "/dev/tty"!
2024/11/17 (13:54:14) | ERROR: Couldn't determine terminal size of "STDOUT_FILENO"!
2024/11/17 (13:54:14) | ERROR: Couldn't determine terminal size of "/dev/tty"!
2024/11/17 (13:54:16) | ERROR: Couldn't determine terminal size of "STDOUT_FILENO"!
2024/11/17 (13:54:16) | ERROR: Couldn't determine terminal size of "/dev/tty"!
2024/11/17 (13:54:18) | ERROR: Couldn't determine terminal size of "STDOUT_FILENO"!
2024/11/17 (13:54:18) | ERROR: Couldn't determine terminal size of "/dev/tty"!
2024/11/17 (13:54:20) | ERROR: Couldn't determine terminal size of "STDOUT_FILENO"!
2024/11/17 (13:54:20) | ERROR: Couldn't determine terminal size of "/dev/tty"!
2024/11/17 (13:54:22) | ERROR: Couldn't determine terminal size of "STDOUT_FILENO"!
2024/11/17 (13:54:22) | ERROR: Couldn't determine terminal size of "/dev/tty"!
2024/11/17 (13:54:24) | ERROR: Couldn't determine terminal size of "STDOUT_FILENO"!
2024/11/17 (13:54:24) | ERROR: Couldn't determine terminal size of "/dev/tty"!
2024/11/17 (13:54:26) | ERROR: Couldn't determine terminal size of "STDOUT_FILENO"!
2024/11/17 (13:54:26) | ERROR: Couldn't determine terminal size of "/dev/tty"!
2024/11/17 (13:54:28) | ERROR: Couldn't determine terminal size of "STDOUT_FILENO"!
2024/11/17 (13:54:28) | ERROR: Couldn't determine terminal size of "/dev/tty"!
2024/11/17 (13:54:30) | ERROR: Couldn't determine terminal size of "STDOUT_FILENO"!
2024/11/17 (13:54:30) | ERROR: Couldn't determine terminal size of "/dev/tty"!
2024/11/17 (13:54:32) | ERROR: Couldn't determine terminal size of "STDOUT_FILENO"!
2024/11/17 (13:54:32) | ERROR: Couldn't determine terminal size of "/dev/tty"!
2024/11/17 (13:54:34) | ERROR: Couldn't determine terminal size of "STDOUT_FILENO"!
2024/11/17 (13:54:34) | ERROR: Couldn't determine terminal size of "/dev/tty"!
2024/11/17 (13:54:36) | ERROR: Couldn't determine terminal size of "STDOUT_FILENO"!
2024/11/17 (13:54:36) | ERROR: Couldn't determine terminal size of "/dev/tty"!
2024/11/17 (13:54:38) | ERROR: Couldn't determine terminal size of "STDOUT_FILENO"!
2024/11/17 (13:54:38) | ERROR: Couldn't determine terminal size of "/dev/tty"!
2024/11/17 (13:54:40) | ERROR: Couldn't determine terminal size of "STDOUT_FILENO"!
2024/11/17 (13:54:40) | ERROR: Couldn't determine terminal size of "/dev/tty"!
2024/11/17 (13:54:42) | ERROR: Couldn't determine terminal size of "STDOUT_FILENO"!
2024/11/17 (13:54:42) | ERROR: Couldn't determine terminal size of "/dev/tty"!
2024/11/17 (13:54:44) | ERROR: Couldn't determine terminal size of "STDOUT_FILENO"!
2024/11/17 (13:54:44) | ERROR: Couldn't determine terminal size of "/dev/tty"!
2024/11/17 (13:54:46) | ERROR: Couldn't determine terminal size of "STDOUT_FILENO"!
2024/11/17 (13:54:46) | ERROR: Couldn't determine terminal size of "/dev/tty"!
2024/11/17 (13:54:48) | ERROR: Couldn't determine terminal size of "STDOUT_FILENO"!
2024/11/17 (13:54:48) | ERROR: Couldn't determine terminal size of "/dev/tty"!
2024/11/17 (13:54:50) | ERROR: Couldn't determine terminal size of "STDOUT_FILENO"!
2024/11/17 (13:54:50) | ERROR: Couldn't determine terminal size of "/dev/tty"!
2024/11/17 (13:54:52) | ERROR: Couldn't determine terminal size of "STDOUT_FILENO"!
2024/11/17 (13:54:52) | ERROR: Couldn't determine terminal size of "/dev/tty"!
2024/11/17 (13:54:54) | ERROR: Couldn't determine terminal size of "STDOUT_FILENO"!
2024/11/17 (13:54:54) | ERROR: Couldn't determine terminal size of "/dev/tty"!
2024/11/17 (13:54:56) | ERROR: Couldn't determine terminal size of "STDOUT_FILENO"!
2024/11/17 (13:54:56) | ERROR: Couldn't determine terminal size of "/dev/tty"!
2024/11/17 (13:54:58) | ERROR: Couldn't determine terminal size of "STDOUT_FILENO"!
2024/11/17 (13:54:58) | ERROR: Couldn't determine terminal size of "/dev/tty"!
2024/11/17 (13:55:00) | ERROR: Couldn't determine terminal size of "STDOUT_FILENO"!
2024/11/17 (13:55:00) | ERROR: Couldn't determine terminal size of "/dev/tty"!
2024/11/17 (13:55:02) | ERROR: Couldn't determine terminal size of "STDOUT_FILENO"!
2024/11/17 (13:55:02) | ERROR: Couldn't determine terminal size of "/dev/tty"!
2024/11/17 (13:55:04) | ERROR: Couldn't determine terminal size of "STDOUT_FILENO"!
2024/11/17 (13:55:04) | ERROR: Couldn't determine terminal size of "/dev/tty"!
2024/11/17 (13:55:06) | ERROR: Couldn't determine terminal size of "STDOUT_FILENO"!
2024/11/17 (13:55:06) | ERROR: Couldn't determine terminal size of "/dev/tty"!
2024/11/17 (13:55:08) | ERROR: Couldn't determine terminal size of "STDOUT_FILENO"!
2024/11/17 (13:55:08) | ERROR: Couldn't determine terminal size of "/dev/tty"!
2024/11/17 (13:55:10) | ERROR: Couldn't determine terminal size of "STDOUT_FILENO"!
2024/11/17 (13:55:10) | ERROR: Couldn't determine terminal size of "/dev/tty"!
2024/11/17 (13:55:12) | ERROR: Couldn't determine terminal size of "STDOUT_FILENO"!
2024/11/17 (13:55:12) | ERROR: Couldn't determine terminal size of "/dev/tty"!
2024/11/17 (13:55:14) | ERROR: Couldn't determine terminal size of "STDOUT_FILENO"!
2024/11/17 (13:55:14) | ERROR: Couldn't determine terminal size of "/dev/tty"!
2024/11/17 (13:55:16) | ERROR: Couldn't determine terminal size of "STDOUT_FILENO"!
2024/11/17 (13:55:16) | ERROR: Couldn't determine terminal size of "/dev/tty"!
2024/11/17 (13:55:18) | ERROR: Couldn't determine terminal size of "STDOUT_FILENO"!
2024/11/17 (13:55:18) | ERROR: Couldn't determine terminal size of "/dev/tty"!
2024/11/17 (13:55:20) | ERROR: Couldn't determine terminal size of "STDOUT_FILENO"!
2024/11/17 (13:55:20) | ERROR: Couldn't determine terminal size of "/dev/tty"!
2024/11/17 (13:55:22) | ERROR: Couldn't determine terminal size of "STDOUT_FILENO"!
2024/11/17 (13:55:22) | ERROR: Couldn't determine terminal size of "/dev/tty"!
2024/11/17 (13:55:24) | ERROR: Couldn't determine terminal size of "STDOUT_FILENO"!
2024/11/17 (13:55:24) | ERROR: Couldn't determine terminal size of "/dev/tty"!
2024/11/17 (13:55:26) | ERROR: Couldn't determine terminal size of "STDOUT_FILENO"!
2024/11/17 (13:55:26) | ERROR: Couldn't determine terminal size of "/dev/tty"!
2024/11/17 (13:55:28) | ERROR: Couldn't determine terminal size of "STDOUT_FILENO"!
2024/11/17 (13:55:28) | ERROR: Couldn't determine terminal size of "/dev/tty"!
2024/11/17 (13:55:30) | ERROR: Couldn't determine terminal size of "STDOUT_FILENO"!
2024/11/17 (13:55:30) | ERROR: Couldn't determine terminal size of "/dev/tty"!
2024/11/17 (13:55:32) | ERROR: Couldn't determine terminal size of "STDOUT_FILENO"!
2024/11/17 (13:55:32) | ERROR: Couldn't determine terminal size of "/dev/tty"!
2024/11/17 (13:55:34) | ERROR: Couldn't determine terminal size of "STDOUT_FILENO"!
2024/11/17 (13:55:34) | ERROR: Couldn't determine terminal size of "/dev/tty"!
2024/11/17 (13:55:36) | ERROR: Couldn't determine terminal size of "STDOUT_FILENO"!
2024/11/17 (13:55:36) | ERROR: Couldn't determine terminal size of "/dev/tty"!
2024/11/17 (13:55:38) | ERROR: Couldn't determine terminal size of "STDOUT_FILENO"!
2024/11/17 (13:55:38) | ERROR: Couldn't determine terminal size of "/dev/tty"!
2024/11/17 (13:55:40) | ERROR: Couldn't determine terminal size of "STDOUT_FILENO"!
2024/11/17 (13:55:40) | ERROR: Couldn't determine terminal size of "/dev/tty"!
2024/11/17 (13:55:42) | ERROR: Couldn't determine terminal size of "STDOUT_FILENO"!
2024/11/17 (13:55:42) | ERROR: Couldn't determine terminal size of "/dev/tty"!
2024/11/17 (13:55:44) | ERROR: Couldn't determine terminal size of "STDOUT_FILENO"!
2024/11/17 (13:55:44) | ERROR: Couldn't determine terminal size of "/dev/tty"!
2024/11/17 (13:55:46) | ERROR: Couldn't determine terminal size of "STDOUT_FILENO"!
2024/11/17 (13:55:46) | ERROR: Couldn't determine terminal size of "/dev/tty"!
2024/11/17 (13:55:48) | ERROR: Couldn't determine terminal size of "STDOUT_FILENO"!
2024/11/17 (13:55:48) | ERROR: Couldn't determine terminal size of "/dev/tty"!
2024/11/17 (13:55:50) | ERROR: Couldn't determine terminal size of "STDOUT_FILENO"!
2024/11/17 (13:55:50) | ERROR: Couldn't determine terminal size of "/dev/tty"!
2024/11/17 (13:55:52) | ERROR: Couldn't determine terminal size of "STDOUT_FILENO"!
2024/11/17 (13:55:52) | ERROR: Couldn't determine terminal size of "/dev/tty"!
2024/11/17 (13:55:54) | ERROR: Couldn't determine terminal size of "STDOUT_FILENO"!
2024/11/17 (13:55:54) | ERROR: Couldn't determine terminal size of "/dev/tty"!
2024/11/17 (13:55:56) | ERROR: Couldn't determine terminal size of "STDOUT_FILENO"!
2024/11/17 (13:55:56) | ERROR: Couldn't determine terminal size of "/dev/tty"!
2024/11/17 (13:55:58) | ERROR: Couldn't determine terminal size of "STDOUT_FILENO"!
2024/11/17 (13:55:58) | ERROR: Couldn't determine terminal size of "/dev/tty"!
2024/11/17 (13:56:00) | ERROR: Couldn't determine terminal size of "STDOUT_FILENO"!
2024/11/17 (13:56:00) | ERROR: Couldn't determine terminal size of "/dev/tty"!
2024/11/17 (13:56:02) | ERROR: Couldn't determine terminal size of "STDOUT_FILENO"!
2024/11/17 (13:56:02) | ERROR: Couldn't determine terminal size of "/dev/tty"!
2024/11/17 (13:56:04) | ERROR: Couldn't determine terminal size of "STDOUT_FILENO"!
2024/11/17 (13:56:04) | ERROR: Couldn't determine terminal size of "/dev/tty"!
2024/11/17 (13:56:06) | ERROR: Couldn't determine terminal size of "STDOUT_FILENO"!
2024/11/17 (13:56:06) | ERROR: Couldn't determine terminal size of "/dev/tty"!
2024/11/17 (13:56:08) | ERROR: Couldn't determine terminal size of "STDOUT_FILENO"!
2024/11/17 (13:56:08) | ERROR: Couldn't determine terminal size of "/dev/tty"!
2024/11/17 (13:56:10) | ERROR: Couldn't determine terminal size of "STDOUT_FILENO"!
2024/11/17 (13:56:10) | ERROR: Couldn't determine terminal size of "/dev/tty"!
2024/11/17 (13:56:12) | ERROR: Couldn't determine terminal size of "STDOUT_FILENO"!
2024/11/17 (13:56:12) | ERROR: Couldn't determine terminal size of "/dev/tty"!
2024/11/17 (13:56:14) | ERROR: Couldn't determine terminal size of "STDOUT_FILENO"!
2024/11/17 (13:56:14) | ERROR: Couldn't determine terminal size of "/dev/tty"!
2024/11/17 (13:56:16) | ERROR: Couldn't determine terminal size of "STDOUT_FILENO"!
2024/11/17 (13:56:16) | ERROR: Couldn't determine terminal size of "/dev/tty"!
2024/11/17 (13:56:18) | ERROR: Couldn't determine terminal size of "STDOUT_FILENO"!
2024/11/17 (13:56:18) | ERROR: Couldn't determine terminal size of "/dev/tty"!
2024/11/17 (13:56:20) | ERROR: Couldn't determine terminal size of "STDOUT_FILENO"!
2024/11/17 (13:56:20) | ERROR: Couldn't determine terminal size of "/dev/tty"!
2024/11/17 (13:56:22) | ERROR: Couldn't determine terminal size of "STDOUT_FILENO"!
2024/11/17 (13:56:22) | ERROR: Couldn't determine terminal size of "/dev/tty"!
2024/11/17 (13:56:24) | ERROR: Couldn't determine terminal size of "STDOUT_FILENO"!
2024/11/17 (13:56:24) | ERROR: Couldn't determine terminal size of "/dev/tty"!
2024/11/17 (13:56:26) | ERROR: Couldn't determine terminal size of "STDOUT_FILENO"!
2024/11/17 (13:56:26) | ERROR: Couldn't determine terminal size of "/dev/tty"!
2024/11/17 (13:56:28) | ERROR: Couldn't determine terminal size of "STDOUT_FILENO"!
2024/11/17 (13:56:28) | ERROR: Couldn't determine terminal size of "/dev/tty"!
2024/11/17 (13:56:30) | ERROR: Couldn't determine terminal size of "STDOUT_FILENO"!
2024/11/17 (13:56:30) | ERROR: Couldn't determine terminal size of "/dev/tty"!
2024/11/17 (13:56:32) | ERROR: Couldn't determine terminal size of "STDOUT_FILENO"!
2024/11/17 (13:56:32) | ERROR: Couldn't determine terminal size of "/dev/tty"!
2024/11/17 (13:56:34) | ERROR: Couldn't determine terminal size of "STDOUT_FILENO"!
2024/11/17 (13:56:34) | ERROR: Couldn't determine terminal size of "/dev/tty"!
2024/11/17 (13:56:36) | ERROR: Couldn't determine terminal size of "STDOUT_FILENO"!
2024/11/17 (13:56:36) | ERROR: Couldn't determine terminal size of "/dev/tty"!
2024/11/17 (13:56:38) | ERROR: Couldn't determine terminal size of "STDOUT_FILENO"!
2024/11/17 (13:56:38) | ERROR: Couldn't determine terminal size of "/dev/tty"!
2024/11/17 (13:56:40) | ERROR: Couldn't determine terminal size of "STDOUT_FILENO"!
2024/11/17 (13:56:40) | ERROR: Couldn't determine terminal size of "/dev/tty"!
2024/11/17 (13:56:42) | ERROR: Couldn't determine terminal size of "STDOUT_FILENO"!
2024/11/17 (13:56:42) | ERROR: Couldn't determine terminal size of "/dev/tty"!
2024/11/17 (13:56:44) | ERROR: Couldn't determine terminal size of "STDOUT_FILENO"!
2024/11/17 (13:56:44) | ERROR: Couldn't determine terminal size of "/dev/tty"!
2024/11/17 (13:56:46) | ERROR: Couldn't determine terminal size of "STDOUT_FILENO"!
2024/11/17 (13:56:46) | ERROR: Couldn't determine terminal size of "/dev/tty"!
2024/11/17 (13:56:48) | ERROR: Couldn't determine terminal size of "STDOUT_FILENO"!
2024/11/17 (13:56:48) | ERROR: Couldn't determine terminal size of "/dev/tty"!
2024/11/17 (13:56:50) | ERROR: Couldn't determine terminal size of "STDOUT_FILENO"!
2024/11/17 (13:56:50) | ERROR: Couldn't determine terminal size of "/dev/tty"!
2024/11/17 (13:56:52) | ERROR: Couldn't determine terminal size of "STDOUT_FILENO"!
2024/11/17 (13:56:52) | ERROR: Couldn't determine terminal size of "/dev/tty"!
2024/11/17 (13:56:54) | ERROR: Couldn't determine terminal size of "STDOUT_FILENO"!
2024/11/17 (13:56:54) | ERROR: Couldn't determine terminal size of "/dev/tty"!

2024/11/17 (16:19:06) | ===> btop++ v.1.4.0
2024/11/17 (16:19:06) | WARNING: Intel GPU: Failed to initialize PMU

2024/11/17 (17:16:53) | ===> btop++ v.1.4.0
2024/11/17 (17:16:53) | WARNING: Intel GPU: Failed to initialize PMU
2024/11/17 (17:35:33) | ERROR: Couldn't determine terminal size of "STDOUT_FILENO"!
2024/11/17 (17:35:33) | ERROR: Couldn't determine terminal size of "/dev/tty"!

2024/11/20 (01:00:08) | ===> btop++ v.1.4.0
2024/11/20 (01:00:08) | WARNING: Intel GPU: Failed to initialize PMU

2024/11/20 (12:12:04) | ===> btop++ v.1.4.0
2024/11/20 (12:12:04) | WARNING: Intel GPU: Failed to initialize PMU

2024/11/20 (19:40:36) | ===> btop++ v.1.4.0
2024/11/20 (19:40:36) | WARNING: Intel GPU: Failed to initialize PMU

2024/11/20 (20:42:20) | ===> btop++ v.1.4.0
2024/11/20 (20:42:20) | WARNING: Intel GPU: Failed to initialize PMU

2024/11/20 (22:31:55) | ===> btop++ v.1.4.0
2024/11/20 (22:31:55) | WARNING: Intel GPU: Failed to initialize PMU

2024/11/21 (11:06:21) | ===> btop++ v.1.4.0
2024/11/21 (11:06:21) | WARNING: Intel GPU: Failed to initialize PMU

2024/11/21 (12:27:32) | ===> btop++ v.1.4.0
2024/11/21 (12:27:32) | WARNING: Intel GPU: Failed to initialize PMU

2024/11/22 (08:25:50) | ===> btop++ v.1.4.0
2024/11/22 (08:25:50) | WARNING: Intel GPU: Failed to initialize PMU

2024/11/22 (13:28:52) | ===> btop++ v.1.4.0
2024/11/22 (13:28:52) | WARNING: Intel GPU: Failed to initialize PMU

2024/11/22 (13:29:00) | ===> btop++ v.1.4.0
2024/11/22 (13:29:00) | WARNING: Intel GPU: Failed to initialize PMU

2024/11/22 (19:02:10) | ===> btop++ v.1.4.0
2024/11/22 (19:02:10) | WARNING: Intel GPU: Failed to initialize PMU

2024/11/22 (19:02:38) | ===> btop++ v.1.4.0
2024/11/22 (19:02:38) | WARNING: Intel GPU: Failed to initialize PMU

2024/11/22 (23:03:21) | ===> btop++ v.1.4.0
2024/11/22 (23:03:21) | WARNING: Intel GPU: Failed to initialize PMU

2024/11/22 (23:34:21) | ===> btop++ v.1.4.0
2024/11/22 (23:34:21) | WARNING: Intel GPU: Failed to initialize PMU

2024/11/23 (20:26:49) | ===> btop++ v.1.4.0
2024/11/23 (20:26:49) | WARNING: Intel GPU: Failed to initialize PMU

2024/11/23 (22:18:00) | ===> btop++ v.1.4.0
2024/11/23 (22:18:00) | WARNING: Intel GPU: Failed to initialize PMU

2024/11/23 (22:57:44) | ===> btop++ v.1.4.0
2024/11/23 (22:57:44) | WARNING: Intel GPU: Failed to initialize PMU

2024/11/24 (00:47:05) | ===> btop++ v.1.4.0
2024/11/24 (00:47:05) | WARNING: Intel GPU: Failed to initialize PMU

2024/11/26 (00:40:40) | ===> btop++ v.1.4.0
2024/11/26 (00:40:40) | WARNING: Intel GPU: Failed to initialize PMU

2024/11/26 (10:05:46) | ===> btop++ v.1.4.0
2024/11/26 (10:05:46) | WARNING: Intel GPU: Failed to initialize PMU

2024/11/26 (22:31:09) | ===> btop++ v.1.4.0
2024/11/26 (22:31:09) | WARNING: Intel GPU: Failed to initialize PMU
